<?xml version="1.0" encoding="UTF-8"?>
<!-- Generated by org.testng.reporters.JUnitReportReporter -->
<testsuite hostname="BLRL42674" name="com.Int.Test.DirectBooking" tests="1" failures="0" timestamp="27 May 2021 15:25:24 GMT" time="26.459" errors="0">
  <testcase name="scenario" time="26.459" classname="com.Int.Test.DirectBooking"/>
</testsuite> <!-- com.Int.Test.DirectBooking -->
