<?xml version="1.0" encoding="UTF-8"?>
<!-- Generated by org.testng.reporters.JUnitReportReporter -->
<testsuite hostname="BLRL42674" name="com.Int.Test.InvalidBooking" tests="1" failures="0" timestamp="27 May 2021 15:25:39 GMT" time="4.767" errors="0">
  <testcase name="scenario" time="4.767" classname="com.Int.Test.InvalidBooking"/>
</testsuite> <!-- com.Int.Test.InvalidBooking -->
