<?xml version="1.0" encoding="UTF-8"?>
<!-- Generated by org.testng.reporters.JUnitReportReporter -->
<testsuite hostname="BLRL42674" name="com.Int.Test.simpleBooking" tests="1" failures="0" timestamp="27 May 2021 14:42:33 GMT" time="35.894" errors="0">
  <testcase name="scenario" time="35.894" classname="com.Int.Test.simpleBooking"/>
</testsuite> <!-- com.Int.Test.simpleBooking -->
